SF:lib\app\data\mock_user_repository.dart
DA:13,2
DA:15,8
DA:16,10
DA:17,12
DA:18,4
DA:19,4
DA:23,8
DA:26,2
DA:28,10
DA:29,6
DA:31,10
DA:32,2
DA:35,2
DA:37,4
DA:40,2
DA:42,12
DA:43,4
DA:45,4
DA:46,2
LF:19
LH:19
end_of_record
SF:lib\app\interactor\models\user_model.dart
DA:6,3
DA:8,1
DA:9,1
DA:10,1
DA:11,1
DA:12,1
LF:6
LH:6
end_of_record
SF:lib\generated\l10n.dart
DA:16,2
DA:20,2
DA:21,2
DA:28,2
DA:29,2
DA:30,0
DA:31,2
DA:32,2
DA:33,6
DA:34,2
DA:35,2
DA:42,0
DA:43,0
DA:44,0
DA:49,0
DA:50,0
DA:54,0
DA:55,0
DA:56,0
DA:59,0
DA:64,1
DA:65,1
DA:66,1
DA:69,1
DA:74,2
DA:75,2
DA:76,2
DA:79,2
DA:85,3
DA:87,0
DA:94,0
DA:95,0
DA:96,0
DA:97,0
DA:98,0
DA:101,0
DA:102,0
DA:103,0
LF:38
LH:19
end_of_record
SF:lib\app\helpers\errors\errors.dart
DA:8,2
DA:9,8
DA:14,0
DA:15,0
DA:19,1
DA:20,3
DA:24,2
DA:25,6
LF:8
LH:6
end_of_record
SF:lib\generated\intl\messages_all.dart
DA:23,6
DA:24,4
DA:25,0
DA:28,2
DA:30,2
DA:31,2
DA:32,0
DA:33,0
DA:40,2
DA:41,2
DA:42,6
DA:43,0
DA:45,0
DA:47,4
DA:48,2
DA:49,6
DA:50,4
DA:51,2
DA:54,2
DA:56,2
DA:62,2
DA:64,2
DA:66,2
LF:23
LH:18
end_of_record
SF:lib\generated\intl\messages_en.dart
DA:16,6
DA:21,0
DA:23,0
DA:24,0
DA:26,4
DA:28,2
DA:31,4
LF:7
LH:4
end_of_record
SF:lib\generated\intl\messages_pt.dart
DA:16,0
DA:21,0
DA:23,0
DA:24,0
DA:26,0
DA:27,0
DA:29,0
DA:32,0
LF:8
LH:0
end_of_record
SF:lib\app\injector.dart
DA:5,3
DA:7,0
DA:8,0
DA:9,0
LF:4
LH:1
end_of_record
SF:lib\app\interactor\actions\user_actions.dart
DA:8,1
DA:9,2
DA:10,2
DA:11,1
DA:12,1
DA:13,0
DA:14,4
DA:18,1
DA:19,2
DA:20,2
DA:21,3
DA:22,1
DA:23,5
DA:24,3
DA:27,1
DA:30,1
DA:31,2
DA:32,2
DA:33,3
DA:34,1
DA:35,0
DA:36,3
DA:39,1
DA:42,1
DA:43,2
DA:44,2
DA:45,3
DA:46,1
DA:47,5
DA:48,3
DA:51,1
LF:31
LH:29
end_of_record
SF:lib\app\interactor\atoms\user_atom.dart
DA:5,3
DA:6,3
LF:2
LH:2
end_of_record
SF:lib\app\interactor\states\edit_user_state.dart
DA:2,3
DA:6,1
DA:10,1
DA:14,1
DA:19,1
LF:5
LH:5
end_of_record
SF:lib\app\interactor\states\user_state.dart
DA:4,3
DA:8,1
DA:14,1
DA:18,1
DA:23,0
LF:5
LH:4
end_of_record
